2022-03-16 14:54:17,997: Snipe Bot selected
2022-03-16 14:54:30,357: Buy Bot selected
2022-03-16 14:54:32,226: Sell Bot selected
2022-03-16 14:54:35,249: Automated Bot selected
2022-03-16 14:54:40,749: Snipe Bot selected
2022-03-16 14:56:44,166: Snipe Bot selected
2022-03-16 15:01:43,038: no new Token yet
2022-03-16 15:01:48,223: no new Token yet
2022-03-16 15:01:51,448: Snipe Bot selected
2022-03-16 15:01:53,291: no new Token yet
2022-03-16 15:01:53,639: Your BNB balance: 0.005717052429377699
2022-03-16 15:01:53,755: Your $MCAT$ Balance:0.0
2022-03-16 15:01:58,411: no new Token yet
2022-03-16 15:02:03,603: no new Token yet
2022-03-16 15:02:08,819: no new Token yet
2022-03-16 15:02:13,904: no new Token yet
2022-03-16 15:02:19,004: no new Token yet
2022-03-16 15:02:24,080: no new Token yet
2022-03-16 15:02:29,133: no new Token yet
2022-03-16 15:02:34,383: no new Token yet
2022-03-16 15:02:39,535: no new Token yet
2022-03-16 15:02:44,628: no new Token yet
2022-03-16 15:02:49,726: no new Token yet
2022-03-16 15:02:54,809: no new Token yet
2022-03-16 15:02:59,886: no new Token yet
2022-03-16 15:03:04,955: no new Token yet
2022-03-16 15:03:10,040: no new Token yet
2022-03-16 15:03:15,141: no new Token yet
2022-03-16 15:03:20,213: no new Token yet
2022-03-16 15:03:25,310: no new Token yet
2022-03-16 15:03:30,504: no new Token yet
2022-03-16 15:03:35,657: no new Token yet
2022-03-16 15:03:40,921: no new Token yet
2022-03-16 15:03:46,237: no new Token yet
2022-03-16 15:03:51,389: no new Token yet
2022-03-16 15:04:17,074: no new Token yet
2022-03-16 15:04:19,682: Snipe Bot selected
2022-03-16 15:04:20,923: Your BNB balance: 0.005717052429377699
2022-03-16 15:04:20,954: Your $MCAT$ Balance:0.0
2022-03-16 15:04:21,054: Swapping Token for 0.005717052429377699 BNB:
2022-03-16 15:04:22,220: no new Token yet
2022-03-16 15:04:27,393: no new Token yet
2022-03-16 15:04:32,459: no new Token yet
2022-03-16 15:04:37,657: no new Token yet
2022-03-16 15:04:42,713: no new Token yet
2022-03-16 15:04:47,788: no new Token yet
2022-03-16 15:04:52,859: no new Token yet
2022-03-16 15:04:58,092: no new Token yet
2022-03-16 15:05:03,155: no new Token yet
2022-03-16 15:05:08,225: no new Token yet
2022-03-16 15:05:13,426: no new Token yet
2022-03-16 15:05:18,490: no new Token yet
2022-03-16 15:05:23,644: no new Token yet
2022-03-16 15:05:28,724: no new Token yet
2022-03-16 15:05:33,941: no new Token yet
2022-03-16 15:05:39,026: no new Token yet
2022-03-16 15:05:44,102: no new Token yet
2022-03-16 15:05:49,204: no new Token yet
2022-03-16 15:05:54,259: no new Token yet
2022-03-16 15:05:59,393: no new Token yet
2022-03-16 15:06:04,555: no new Token yet
2022-03-16 15:06:09,655: no new Token yet
2022-03-16 15:06:14,786: no new Token yet
2022-03-16 15:06:19,970: no new Token yet
2022-03-16 15:06:25,056: no new Token yet
2022-03-16 15:06:30,137: no new Token yet
2022-03-16 15:06:35,290: no new Token yet
2022-03-16 15:06:40,422: no new Token yet
2022-03-16 15:06:45,501: no new Token yet
2022-03-16 15:06:50,620: no new Token yet
2022-03-16 15:06:55,690: no new Token yet
2022-03-16 15:07:00,752: no new Token yet
2022-03-16 15:07:05,805: no new Token yet
2022-03-16 15:07:10,884: no new Token yet
2022-03-16 15:07:16,024: no new Token yet
2022-03-16 15:07:21,188: no new Token yet
2022-03-16 15:07:26,290: no new Token yet
2022-03-16 15:07:31,374: no new Token yet
2022-03-16 15:07:36,467: no new Token yet
2022-03-16 15:07:41,638: no new Token yet
2022-03-16 15:07:46,702: no new Token yet
2022-03-16 15:07:51,772: no new Token yet
2022-03-16 15:07:56,951: no new Token yet
2022-03-16 15:08:02,019: no new Token yet
2022-03-16 15:08:07,120: no new Token yet
2022-03-16 15:08:12,223: no new Token yet
2022-03-16 15:08:17,355: no new Token yet
2022-03-16 15:08:22,436: no new Token yet
2022-03-16 15:08:27,653: no new Token yet
2022-03-16 15:08:32,708: no new Token yet
2022-03-16 15:08:37,788: no new Token yet
2022-03-16 15:08:42,842: no new Token yet
2022-03-16 15:08:47,936: no new Token yet
2022-03-16 15:08:53,090: no new Token yet
2022-03-16 15:08:58,153: no new Token yet
2022-03-16 15:09:03,206: no new Token yet
2022-03-16 15:09:08,284: no new Token yet
2022-03-16 15:09:13,415: no new Token yet
2022-03-16 15:09:18,517: no new Token yet
2022-03-16 15:09:23,571: no new Token yet
2022-03-16 15:09:28,635: no new Token yet
2022-03-16 15:09:33,735: no new Token yet
2022-03-16 15:09:38,837: no new Token yet
2022-03-16 15:09:43,937: no new Token yet
2022-03-16 15:09:48,999: no new Token yet
2022-03-16 15:09:54,147: no new Token yet
2022-03-16 15:09:59,218: no new Token yet
2022-03-16 15:10:04,381: no new Token yet
2022-03-16 15:10:09,436: no new Token yet
2022-03-16 15:10:14,514: no new Token yet
2022-03-16 15:10:19,570: no new Token yet
2022-03-16 15:10:24,632: no new Token yet
2022-03-16 15:10:29,717: no new Token yet
2022-03-16 15:10:34,896: no new Token yet
2022-03-16 15:10:40,053: no new Token yet
2022-03-16 15:10:45,137: no new Token yet
2022-03-16 15:10:50,201: no new Token yet
2022-03-16 15:10:55,349: no new Token yet
2022-03-16 15:11:00,434: no new Token yet
2022-03-16 15:11:05,565: no new Token yet
2022-03-16 15:11:10,651: no new Token yet
2022-03-16 15:11:15,814: no new Token yet
2022-03-16 15:11:20,946: no new Token yet
2022-03-16 15:11:26,032: no new Token yet
2022-03-16 15:11:31,102: no new Token yet
2022-03-16 15:11:36,179: no new Token yet
2022-03-16 15:11:41,295: no new Token yet
2022-03-16 15:11:46,481: no new Token yet
2022-03-16 15:11:51,612: no new Token yet
2022-03-16 15:11:56,715: no new Token yet
2022-03-16 15:12:01,868: no new Token yet
2022-03-16 15:12:06,931: no new Token yet
2022-03-16 15:12:12,049: no new Token yet
2022-03-16 15:12:17,113: no new Token yet
2022-03-16 15:12:22,315: no new Token yet
2022-03-16 15:12:27,431: no new Token yet
2022-03-16 15:12:32,563: no new Token yet
2022-03-16 15:12:37,632: no new Token yet
2022-03-16 15:12:42,695: no new Token yet
2022-03-16 15:12:47,780: no new Token yet
2022-03-16 15:12:52,881: no new Token yet
2022-03-16 15:12:57,967: no new Token yet
2022-03-16 15:13:03,076: no new Token yet
2022-03-16 15:13:08,129: no new Token yet
2022-03-16 15:13:13,194: no new Token yet
2022-03-16 15:13:18,296: no new Token yet
2022-03-16 15:13:23,413: no new Token yet
2022-03-16 15:13:28,483: no new Token yet
2022-03-16 15:13:33,546: no new Token yet
2022-03-16 15:13:38,617: no new Token yet
2022-03-16 15:13:43,696: no new Token yet
2022-03-16 15:13:48,827: no new Token yet
2022-03-16 15:13:53,945: no new Token yet
2022-03-16 15:13:59,030: no new Token yet
2022-03-16 15:14:04,162: no new Token yet
2022-03-16 15:14:09,264: no new Token yet
2022-03-16 15:14:14,333: no new Token yet
2022-03-16 15:14:19,451: no new Token yet
2022-03-16 15:14:24,498: no new Token yet
2022-03-16 15:14:29,562: no new Token yet
2022-03-16 15:14:34,663: no new Token yet
2022-03-16 15:14:39,734: no new Token yet
2022-03-16 15:14:44,881: no new Token yet
2022-03-16 15:14:49,998: no new Token yet
2022-03-16 15:14:55,114: no new Token yet
2022-03-16 15:15:00,301: no new Token yet
2022-03-16 15:15:05,448: no new Token yet
2022-03-16 15:15:10,567: no new Token yet
2022-03-16 15:15:15,652: no new Token yet
2022-03-16 15:15:20,769: no new Token yet
2022-03-16 15:15:25,833: no new Token yet
2022-03-16 15:15:31,002: no new Token yet
2022-03-16 15:15:36,181: no new Token yet
2022-03-16 15:15:41,237: no new Token yet
2022-03-16 15:15:46,318: no new Token yet
2022-03-16 15:15:51,466: no new Token yet
2022-03-16 15:15:56,604: no new Token yet
2022-03-16 15:16:01,753: no new Token yet
2022-03-16 15:16:06,901: no new Token yet
2022-03-16 15:16:12,017: no new Token yet
2022-03-16 15:16:17,057: no new Token yet
2022-03-16 15:16:22,135: no new Token yet
2022-03-16 15:16:27,183: no new Token yet
2022-03-16 15:16:32,267: no new Token yet
2022-03-16 15:16:37,368: no new Token yet
2022-03-16 15:16:42,469: no new Token yet
2022-03-16 15:16:47,583: no new Token yet
2022-03-16 15:16:52,717: no new Token yet
2022-03-16 15:16:57,781: no new Token yet
2022-03-16 15:17:02,866: no new Token yet
2022-03-16 15:17:07,934: no new Token yet
2022-03-16 15:17:13,013: no new Token yet
2022-03-16 15:17:18,167: no new Token yet
2022-03-16 15:17:23,297: no new Token yet
2022-03-16 15:17:28,359: no new Token yet
2022-03-16 15:17:33,543: no new Token yet
2022-03-16 15:17:38,657: no new Token yet
2022-03-16 15:17:43,787: no new Token yet
2022-03-16 15:17:48,904: no new Token yet
2022-03-16 15:17:53,989: no new Token yet
2022-03-16 15:17:59,121: no new Token yet
2022-03-16 15:18:04,198: no new Token yet
2022-03-16 15:18:09,336: no new Token yet
2022-03-16 15:18:14,438: no new Token yet
2022-03-16 15:18:19,519: no new Token yet
2022-03-16 15:18:24,635: no new Token yet
2022-03-16 15:18:29,835: no new Token yet
2022-03-16 15:18:34,920: no new Token yet
2022-03-16 15:18:39,982: no new Token yet
2022-03-16 15:18:45,051: no new Token yet
2022-03-16 15:18:50,127: no new Token yet
2022-03-16 15:18:55,294: no new Token yet
2022-03-16 15:19:00,373: no new Token yet
2022-03-16 15:19:05,427: no new Token yet
2022-03-16 15:19:10,576: no new Token yet
2022-03-16 15:19:15,747: no new Token yet
2022-03-16 15:19:20,909: no new Token yet
2022-03-16 15:19:25,964: no new Token yet
2022-03-16 15:19:31,112: no new Token yet
2022-03-16 15:19:36,275: no new Token yet
2022-03-16 15:19:41,390: no new Token yet
2022-03-16 15:19:46,475: no new Token yet
2022-03-16 15:19:51,609: no new Token yet
2022-03-16 15:19:56,680: no new Token yet
2022-03-16 15:20:01,743: no new Token yet
2022-03-16 15:20:06,828: no new Token yet
2022-03-16 15:20:11,914: no new Token yet
2022-03-16 15:20:17,008: no new Token yet
2022-03-16 15:20:22,124: no new Token yet
2022-03-16 15:20:27,193: no new Token yet
2022-03-16 15:20:32,279: no new Token yet
2022-03-16 15:20:37,395: no new Token yet
2022-03-16 15:20:42,441: no new Token yet
2022-03-16 15:20:47,591: no new Token yet
2022-03-16 15:20:52,658: no new Token yet
2022-03-16 15:20:57,735: no new Token yet
2022-03-16 15:21:02,871: no new Token yet
2022-03-16 15:21:07,986: no new Token yet
2022-03-16 15:21:13,126: no new Token yet
2022-03-16 15:21:18,203: no new Token yet
2022-03-16 15:21:23,365: no new Token yet
2022-03-16 15:21:28,451: no new Token yet
2022-03-16 15:21:33,581: no new Token yet
